<?xml version="1.0" encoding="UTF-8"?>
<!-- Generated by org.testng.reporters.JUnitReportReporter -->
<testsuite ignored="0" hostname="Balajis-MacBook-Pro.local" failures="0" tests="1" name="dataScriptsTestNG.DataParamTest" time="10.965" errors="0" timestamp="17 Jun 2021 11:54:24 GMT" skipped="0">
  <testcase classname="dataScriptsTestNG.DataParamTest" name="login" time="10.965"/>
</testsuite> <!-- dataScriptsTestNG.DataParamTest -->
