<?xml version="1.0" encoding="UTF-8"?>
<!-- Generated by org.testng.reporters.JUnitReportReporter -->
<testsuite ignored="0" hostname="Balajis-MacBook-Pro.local" failures="0" tests="2" name="dataScriptsTestNG.ExpectException" time="7.935" errors="0" timestamp="16 Jun 2021 11:14:29 GMT" skipped="0">
  <testcase classname="dataScriptsTestNG.ExpectException" name="testSelenium" time="5.264"/>
  <testcase classname="dataScriptsTestNG.ExpectException" name="testUft" time="2.671"/>
</testsuite> <!-- dataScriptsTestNG.ExpectException -->
