<?xml version="1.0" encoding="UTF-8"?>
<!-- Generated by org.testng.reporters.JUnitReportReporter -->
<testsuite ignored="0" hostname="Balajis-MacBook-Pro.local" failures="0" tests="2" name="parallelScripts.ExpectException" time="7.504" errors="0" timestamp="16 Jun 2021 09:43:14 GMT" skipped="0">
  <testcase classname="parallelScripts.ExpectException" name="testSelenium" time="4.929"/>
  <testcase classname="parallelScripts.ExpectException" name="testUft" time="2.575"/>
</testsuite> <!-- parallelScripts.ExpectException -->
