<?xml version="1.0" encoding="UTF-8"?>
<!-- Generated by org.testng.reporters.JUnitReportReporter -->
<testsuite ignored="0" hostname="Balajis-MacBook-Pro.local" failures="0" tests="3" name="scriptsTestNG.ExtendReportTest" time="13.003" errors="0" timestamp="16 Jun 2021 10:01:03 GMT" skipped="0">
  <testcase classname="scriptsTestNG.ExtendReportTest" name="testAndroid" time="5.103"/>
  <testcase classname="scriptsTestNG.ExtendReportTest" name="testDELL" time="3.771"/>
  <testcase classname="scriptsTestNG.ExtendReportTest" name="testHP" time="4.129"/>
</testsuite> <!-- scriptsTestNG.ExtendReportTest -->
